### ISSUE TITLE
Crash in getImplementationForType

### ISSUE THREAD

**Issue by MarkVillacampa** [johnno1962/InjectionIII#33]
My app usually crashes in this method when injecting code. Looks like it is trying to get the class of a non-class pointer and crashes. Any idea of how can I further debug this so I know what the problematic object is?

Using: "Version 1.0 (806)"

```
libswiftCore.dylib`(anonymous namespace)::getImplementationForType:
    0x10f30c4e0 <+0>:   pushq  %rbp
    0x10f30c4e1 <+1>:   movq   %rsp, %rbp
    0x10f30c4e4 <+4>:   pushq  %r15
    0x10f30c4e6 <+6>:   pushq  %r14
    0x10f30c4e8 <+8>:   pushq  %rbx
    0x10f30c4e9 <+9>:   pushq  %rax
    0x10f30c4ea <+10>:  movq   %rsi, %rbx
    0x10f30c4ed <+13>:  movq   %rdi, %r14
    0x10f30c4f0 <+16>:  movq   (%rbx), %rax
    0x10f30c4f3 <+19>:  xorl   %ecx, %ecx
    0x10f30c4f5 <+21>:  cmpq   $0x7ff, %rax              ; imm = 0x7FF 
    0x10f30c4fb <+27>:  cmoval %ecx, %eax
    0x10f30c4fe <+30>:  cmpl   $0x80, %eax
    0x10f30c503 <+35>:  ja     0x10f30c661               ; <+385>
    0x10f30c509 <+41>:  leaq   0x158(%rip), %rcx         ; <+392>
    0x10f30c510 <+48>:  movslq (%rcx,%rax,4), %rax
    0x10f30c514 <+52>:  addq   %rcx, %rax
    0x10f30c517 <+55>:  jmpq   *%rax
    0x10f30c519 <+57>:  movq   (%rdx), %rdi
    0x10f30c51c <+60>:  callq  0x10f308260               ; swift::_swift_getClass(void const*)
    0x10f30c521 <+65>:  movq   %rax, %rbx
->  0x10f30c524 <+68>:  testb  $0x1, 0x20(%rbx)
    0x10f30c528 <+72>:  jne    0x10f30c53e               ; <+94>
    0x10f30c52a <+74>:  jmp    0x10f30c62c               ; <+332>
    0x10f30c52f <+79>:  nop    
    0x10f30c530 <+80>:  movq   0x8(%rbx), %rbx
```

```
(lldb) reg read
General Purpose Registers:
       rax = 0x0000007f92a344a1
       rbx = 0x0000007f92a344a1
       rcx = 0x000000010f30c668  libswiftCore.dylib`(anonymous namespace)::getImplementationForType(swift::TargetMetadata<swift::InProcess> const*, swift::OpaqueValue const*) + 392
       rdx = 0x0000614000261220
       rdi = 0x000061400001a4c1
       rsi = 0x000000010f399fb8  libswiftCore.dylib`InitialAllocationPool + 65336
       rbp = 0x00007ffee8d23ed0
       rsp = 0x00007ffee8d23eb0
        r8 = 0x0000000000000000
        r9 = 0x00000001078e3a78  type metadata for Lana.SliderNavigator
       r10 = 0x0000000107795db6  `direct field offset for SliderNavigator.(containerView in _145D9D0BDC445CFEF171F74A63E81889) : Swift.Optional<__ObjC.UIView> + 102
       r11 = 0x00007f92a40e4f00
       r12 = 0x000000010f399fb8  libswiftCore.dylib`InitialAllocationPool + 65336
       r13 = 0x0000604000834760
       r14 = 0x00007ffee8d23ee0
       r15 = 0x0000614000261220
       rip = 0x000000010f30c524  libswiftCore.dylib`(anonymous namespace)::getImplementationForType(swift::TargetMetadata<swift::InProcess> const*, swift::OpaqueValue const*) + 68
    rflags = 0x0000000000000202
        cs = 0x000000000000002b
        fs = 0x0000000000000000
        gs = 0x0000000000000000
```

![screen shot 2018-07-17 at 11 40 22](https://user-images.githubusercontent.com/1014118/42809610-4e93a0d0-89b6-11e8-8cff-a1ce1b4d008b.png)

**Comment by johnno1962** [comment]
When this happens you have to use the INJECTION_BUNDLE_NOTIFICATION instead of the -injected() method. The sweep to find all live objects in the app can be unreliable. If you want to try to debug build the MAS-version branch of this repo though I doubt it would get you much further along.

**Comment by MarkVillacampa** [comment]
Thanks! I've disabled the -injected() method and no crashes so far.
